{"/app/src/services/datasetService.js": {"path":"/app/src/services/datasetService.js","statementMap":{"0":{"start":{"line":1,"column":11},"end":{"line":1,"column":24}},"1":{"start":{"line":2,"column":13},"end":{"line":2,"column":28}},"2":{"start":{"line":6,"column":4},"end":{"line":6,"column":72}},"3":{"start":{"line":7,"column":4},"end":{"line":7,"column":24}},"4":{"start":{"line":8,"column":4},"end":{"line":8,"column":23}},"5":{"start":{"line":12,"column":4},"end":{"line":20,"column":5}},"6":{"start":{"line":13,"column":19},"end":{"line":13,"column":57}},"7":{"start":{"line":14,"column":6},"end":{"line":14,"column":38}},"8":{"start":{"line":15,"column":6},"end":{"line":15,"column":52}},"9":{"start":{"line":17,"column":6},"end":{"line":17,"column":64}},"10":{"start":{"line":19,"column":6},"end":{"line":19,"column":68}},"11":{"start":{"line":24,"column":4},"end":{"line":27,"column":5}},"12":{"start":{"line":25,"column":8},"end":{"line":25,"column":86}},"13":{"start":{"line":26,"column":8},"end":{"line":26,"column":20}},"14":{"start":{"line":29,"column":20},"end":{"line":33,"column":5}},"15":{"start":{"line":35,"column":4},"end":{"line":38,"column":5}},"16":{"start":{"line":36,"column":8},"end":{"line":36,"column":73}},"17":{"start":{"line":37,"column":8},"end":{"line":37,"column":20}},"18":{"start":{"line":41,"column":23},"end":{"line":41,"column":89}},"19":{"start":{"line":41,"column":73},"end":{"line":41,"column":88}},"20":{"start":{"line":43,"column":4},"end":{"line":68,"column":5}},"21":{"start":{"line":44,"column":6},"end":{"line":47,"column":7}},"22":{"start":{"line":45,"column":8},"end":{"line":45,"column":86}},"23":{"start":{"line":46,"column":8},"end":{"line":46,"column":17}},"24":{"start":{"line":48,"column":24},"end":{"line":48,"column":90}},"25":{"start":{"line":48,"column":74},"end":{"line":48,"column":89}},"26":{"start":{"line":49,"column":26},"end":{"line":51,"column":7}},"27":{"start":{"line":50,"column":8},"end":{"line":50,"column":51}},"28":{"start":{"line":55,"column":29},"end":{"line":55,"column":30}},"29":{"start":{"line":56,"column":39},"end":{"line":56,"column":42}},"30":{"start":{"line":58,"column":6},"end":{"line":67,"column":7}},"31":{"start":{"line":59,"column":30},"end":{"line":59,"column":75}},"32":{"start":{"line":60,"column":8},"end":{"line":66,"column":9}},"33":{"start":{"line":61,"column":12},"end":{"line":65,"column":14}},"34":{"start":{"line":70,"column":4},"end":{"line":70,"column":16}},"35":{"start":{"line":75,"column":4},"end":{"line":77,"column":5}},"36":{"start":{"line":76,"column":8},"end":{"line":76,"column":62}},"37":{"start":{"line":78,"column":4},"end":{"line":82,"column":6}},"38":{"start":{"line":86,"column":0},"end":{"line":86,"column":38}}},"fnMap":{"0":{"name":"(anonymous_0)","decl":{"start":{"line":5,"column":2},"end":{"line":5,"column":3}},"loc":{"start":{"line":5,"column":16},"end":{"line":9,"column":3}},"line":5},"1":{"name":"(anonymous_1)","decl":{"start":{"line":11,"column":2},"end":{"line":11,"column":3}},"loc":{"start":{"line":11,"column":16},"end":{"line":21,"column":3}},"line":11},"2":{"name":"(anonymous_2)","decl":{"start":{"line":23,"column":2},"end":{"line":23,"column":3}},"loc":{"start":{"line":23,"column":29},"end":{"line":71,"column":3}},"line":23},"3":{"name":"(anonymous_3)","decl":{"start":{"line":41,"column":65},"end":{"line":41,"column":66}},"loc":{"start":{"line":41,"column":73},"end":{"line":41,"column":88}},"line":41},"4":{"name":"(anonymous_4)","decl":{"start":{"line":48,"column":66},"end":{"line":48,"column":67}},"loc":{"start":{"line":48,"column":74},"end":{"line":48,"column":89}},"line":48},"5":{"name":"(anonymous_5)","decl":{"start":{"line":49,"column":44},"end":{"line":49,"column":45}},"loc":{"start":{"line":50,"column":8},"end":{"line":50,"column":51}},"line":50},"6":{"name":"(anonymous_6)","decl":{"start":{"line":73,"column":2},"end":{"line":73,"column":3}},"loc":{"start":{"line":73,"column":17},"end":{"line":83,"column":3}},"line":73}},"branchMap":{"0":{"loc":{"start":{"line":24,"column":4},"end":{"line":27,"column":5}},"type":"if","locations":[{"start":{"line":24,"column":4},"end":{"line":27,"column":5}},{"start":{},"end":{}}],"line":24},"1":{"loc":{"start":{"line":24,"column":8},"end":{"line":24,"column":103}},"type":"binary-expr","locations":[{"start":{"line":24,"column":8},"end":{"line":24,"column":21}},{"start":{"line":24,"column":26},"end":{"line":24,"column":45}},{"start":{"line":24,"column":49},"end":{"line":24,"column":68}},{"start":{"line":24,"column":72},"end":{"line":24,"column":102}}],"line":24},"2":{"loc":{"start":{"line":30,"column":10},"end":{"line":30,"column":34}},"type":"binary-expr","locations":[{"start":{"line":30,"column":10},"end":{"line":30,"column":28}},{"start":{"line":30,"column":32},"end":{"line":30,"column":34}}],"line":30},"3":{"loc":{"start":{"line":31,"column":10},"end":{"line":31,"column":34}},"type":"binary-expr","locations":[{"start":{"line":31,"column":10},"end":{"line":31,"column":28}},{"start":{"line":31,"column":32},"end":{"line":31,"column":34}}],"line":31},"4":{"loc":{"start":{"line":32,"column":10},"end":{"line":32,"column":45}},"type":"binary-expr","locations":[{"start":{"line":32,"column":10},"end":{"line":32,"column":39}},{"start":{"line":32,"column":43},"end":{"line":32,"column":45}}],"line":32},"5":{"loc":{"start":{"line":35,"column":4},"end":{"line":38,"column":5}},"type":"if","locations":[{"start":{"line":35,"column":4},"end":{"line":38,"column":5}},{"start":{},"end":{}}],"line":35},"6":{"loc":{"start":{"line":44,"column":6},"end":{"line":47,"column":7}},"type":"if","locations":[{"start":{"line":44,"column":6},"end":{"line":47,"column":7}},{"start":{},"end":{}}],"line":44},"7":{"loc":{"start":{"line":44,"column":10},"end":{"line":44,"column":53}},"type":"binary-expr","locations":[{"start":{"line":44,"column":10},"end":{"line":44,"column":20}},{"start":{"line":44,"column":24},"end":{"line":44,"column":53}}],"line":44},"8":{"loc":{"start":{"line":50,"column":8},"end":{"line":50,"column":51}},"type":"binary-expr","locations":[{"start":{"line":50,"column":8},"end":{"line":50,"column":32}},{"start":{"line":50,"column":36},"end":{"line":50,"column":51}}],"line":50},"9":{"loc":{"start":{"line":58,"column":6},"end":{"line":67,"column":7}},"type":"if","locations":[{"start":{"line":58,"column":6},"end":{"line":67,"column":7}},{"start":{},"end":{}}],"line":58},"10":{"loc":{"start":{"line":60,"column":8},"end":{"line":66,"column":9}},"type":"if","locations":[{"start":{"line":60,"column":8},"end":{"line":66,"column":9}},{"start":{},"end":{}}],"line":60},"11":{"loc":{"start":{"line":60,"column":12},"end":{"line":60,"column":97}},"type":"binary-expr","locations":[{"start":{"line":60,"column":12},"end":{"line":60,"column":29}},{"start":{"line":60,"column":33},"end":{"line":60,"column":97}}],"line":60},"12":{"loc":{"start":{"line":75,"column":4},"end":{"line":77,"column":5}},"type":"if","locations":[{"start":{"line":75,"column":4},"end":{"line":77,"column":5}},{"start":{},"end":{}}],"line":75},"13":{"loc":{"start":{"line":79,"column":15},"end":{"line":79,"column":39}},"type":"binary-expr","locations":[{"start":{"line":79,"column":15},"end":{"line":79,"column":33}},{"start":{"line":79,"column":37},"end":{"line":79,"column":39}}],"line":79},"14":{"loc":{"start":{"line":80,"column":15},"end":{"line":80,"column":39}},"type":"binary-expr","locations":[{"start":{"line":80,"column":15},"end":{"line":80,"column":33}},{"start":{"line":80,"column":37},"end":{"line":80,"column":39}}],"line":80},"15":{"loc":{"start":{"line":81,"column":26},"end":{"line":81,"column":61}},"type":"binary-expr","locations":[{"start":{"line":81,"column":26},"end":{"line":81,"column":55}},{"start":{"line":81,"column":59},"end":{"line":81,"column":61}}],"line":81}},"s":{"0":0,"1":0,"2":0,"3":0,"4":0,"5":0,"6":0,"7":0,"8":0,"9":0,"10":0,"11":0,"12":0,"13":0,"14":0,"15":0,"16":0,"17":0,"18":0,"19":0,"20":0,"21":0,"22":0,"23":0,"24":0,"25":0,"26":0,"27":0,"28":0,"29":0,"30":0,"31":0,"32":0,"33":0,"34":0,"35":0,"36":0,"37":0,"38":0},"f":{"0":0,"1":0,"2":0,"3":0,"4":0,"5":0,"6":0},"b":{"0":[0,0],"1":[0,0,0,0],"2":[0,0],"3":[0,0],"4":[0,0],"5":[0,0],"6":[0,0],"7":[0,0],"8":[0,0],"9":[0,0],"10":[0,0],"11":[0,0],"12":[0,0],"13":[0,0],"14":[0,0],"15":[0,0]}}
,"/app/src/services/fallbackService.js": {"path":"/app/src/services/fallbackService.js","statementMap":{"0":{"start":{"line":3,"column":4},"end":{"line":7,"column":6}},"1":{"start":{"line":8,"column":4},"end":{"line":11,"column":6}},"2":{"start":{"line":15,"column":22},"end":{"line":15,"column":40}},"3":{"start":{"line":16,"column":20},"end":{"line":16,"column":21}},"4":{"start":{"line":17,"column":20},"end":{"line":17,"column":21}},"5":{"start":{"line":18,"column":21},"end":{"line":18,"column":23}},"6":{"start":{"line":20,"column":4},"end":{"line":25,"column":7}},"7":{"start":{"line":21,"column":6},"end":{"line":24,"column":7}},"8":{"start":{"line":22,"column":8},"end":{"line":22,"column":20}},"9":{"start":{"line":23,"column":8},"end":{"line":23,"column":115}},"10":{"start":{"line":27,"column":4},"end":{"line":31,"column":7}},"11":{"start":{"line":28,"column":6},"end":{"line":30,"column":7}},"12":{"start":{"line":29,"column":8},"end":{"line":29,"column":20}},"13":{"start":{"line":35,"column":4},"end":{"line":50,"column":5}},"14":{"start":{"line":36,"column":6},"end":{"line":36,"column":22}},"15":{"start":{"line":37,"column":6},"end":{"line":37,"column":70}},"16":{"start":{"line":38,"column":6},"end":{"line":38,"column":96}},"17":{"start":{"line":39,"column":6},"end":{"line":39,"column":74}},"18":{"start":{"line":40,"column":11},"end":{"line":50,"column":5}},"19":{"start":{"line":41,"column":6},"end":{"line":41,"column":22}},"20":{"start":{"line":42,"column":6},"end":{"line":42,"column":70}},"21":{"start":{"line":43,"column":6},"end":{"line":43,"column":96}},"22":{"start":{"line":44,"column":6},"end":{"line":44,"column":74}},"23":{"start":{"line":46,"column":6},"end":{"line":46,"column":27}},"24":{"start":{"line":47,"column":6},"end":{"line":47,"column":23}},"25":{"start":{"line":48,"column":6},"end":{"line":48,"column":89}},"26":{"start":{"line":49,"column":6},"end":{"line":49,"column":74}},"27":{"start":{"line":53,"column":4},"end":{"line":53,"column":43}},"28":{"start":{"line":56,"column":4},"end":{"line":56,"column":68}},"29":{"start":{"line":60,"column":22},"end":{"line":60,"column":115}},"30":{"start":{"line":61,"column":4},"end":{"line":63,"column":5}},"31":{"start":{"line":62,"column":6},"end":{"line":62,"column":106}},"32":{"start":{"line":62,"column":75},"end":{"line":62,"column":87}},"33":{"start":{"line":64,"column":4},"end":{"line":70,"column":5}},"34":{"start":{"line":65,"column":6},"end":{"line":65,"column":129}},"35":{"start":{"line":66,"column":11},"end":{"line":70,"column":5}},"36":{"start":{"line":67,"column":6},"end":{"line":67,"column":144}},"37":{"start":{"line":69,"column":6},"end":{"line":69,"column":166}},"38":{"start":{"line":71,"column":4},"end":{"line":71,"column":23}},"39":{"start":{"line":75,"column":0},"end":{"line":75,"column":39}}},"fnMap":{"0":{"name":"(anonymous_0)","decl":{"start":{"line":2,"column":2},"end":{"line":2,"column":3}},"loc":{"start":{"line":2,"column":16},"end":{"line":12,"column":3}},"line":2},"1":{"name":"(anonymous_1)","decl":{"start":{"line":14,"column":2},"end":{"line":14,"column":3}},"loc":{"start":{"line":14,"column":20},"end":{"line":57,"column":3}},"line":14},"2":{"name":"(anonymous_2)","decl":{"start":{"line":20,"column":32},"end":{"line":20,"column":33}},"loc":{"start":{"line":20,"column":45},"end":{"line":25,"column":5}},"line":20},"3":{"name":"(anonymous_3)","decl":{"start":{"line":27,"column":32},"end":{"line":27,"column":33}},"loc":{"start":{"line":27,"column":45},"end":{"line":31,"column":5}},"line":27},"4":{"name":"(anonymous_4)","decl":{"start":{"line":59,"column":2},"end":{"line":59,"column":3}},"loc":{"start":{"line":59,"column":51},"end":{"line":72,"column":3}},"line":59},"5":{"name":"(anonymous_5)","decl":{"start":{"line":62,"column":69},"end":{"line":62,"column":70}},"loc":{"start":{"line":62,"column":75},"end":{"line":62,"column":87}},"line":62}},"branchMap":{"0":{"loc":{"start":{"line":21,"column":6},"end":{"line":24,"column":7}},"type":"if","locations":[{"start":{"line":21,"column":6},"end":{"line":24,"column":7}},{"start":{},"end":{}}],"line":21},"1":{"loc":{"start":{"line":28,"column":6},"end":{"line":30,"column":7}},"type":"if","locations":[{"start":{"line":28,"column":6},"end":{"line":30,"column":7}},{"start":{},"end":{}}],"line":28},"2":{"loc":{"start":{"line":35,"column":4},"end":{"line":50,"column":5}},"type":"if","locations":[{"start":{"line":35,"column":4},"end":{"line":50,"column":5}},{"start":{"line":40,"column":11},"end":{"line":50,"column":5}}],"line":35},"3":{"loc":{"start":{"line":40,"column":11},"end":{"line":50,"column":5}},"type":"if","locations":[{"start":{"line":40,"column":11},"end":{"line":50,"column":5}},{"start":{"line":45,"column":11},"end":{"line":50,"column":5}}],"line":40},"4":{"loc":{"start":{"line":61,"column":4},"end":{"line":63,"column":5}},"type":"if","locations":[{"start":{"line":61,"column":4},"end":{"line":63,"column":5}},{"start":{},"end":{}}],"line":61},"5":{"loc":{"start":{"line":64,"column":4},"end":{"line":70,"column":5}},"type":"if","locations":[{"start":{"line":64,"column":4},"end":{"line":70,"column":5}},{"start":{"line":66,"column":11},"end":{"line":70,"column":5}}],"line":64},"6":{"loc":{"start":{"line":66,"column":11},"end":{"line":70,"column":5}},"type":"if","locations":[{"start":{"line":66,"column":11},"end":{"line":70,"column":5}},{"start":{"line":68,"column":11},"end":{"line":70,"column":5}}],"line":66}},"s":{"0":0,"1":0,"2":0,"3":0,"4":0,"5":0,"6":0,"7":0,"8":0,"9":0,"10":0,"11":0,"12":0,"13":0,"14":0,"15":0,"16":0,"17":0,"18":0,"19":0,"20":0,"21":0,"22":0,"23":0,"24":0,"25":0,"26":0,"27":0,"28":0,"29":0,"30":0,"31":0,"32":0,"33":0,"34":0,"35":0,"36":0,"37":0,"38":0,"39":0},"f":{"0":0,"1":0,"2":0,"3":0,"4":0,"5":0},"b":{"0":[0,0],"1":[0,0],"2":[0,0],"3":[0,0],"4":[0,0],"5":[0,0],"6":[0,0]}}
,"/app/src/services/verificationService.js": {"path":"/app/src/services/verificationService.js","statementMap":{"0":{"start":{"line":3,"column":24},"end":{"line":3,"column":52}},"1":{"start":{"line":8,"column":4},"end":{"line":8,"column":51}},"2":{"start":{"line":13,"column":4},"end":{"line":13,"column":66}},"3":{"start":{"line":14,"column":4},"end":{"line":24,"column":5}},"4":{"start":{"line":19,"column":6},"end":{"line":19,"column":80}},"5":{"start":{"line":22,"column":6},"end":{"line":22,"column":68}},"6":{"start":{"line":23,"column":6},"end":{"line":23,"column":68}},"7":{"start":{"line":29,"column":4},"end":{"line":29,"column":46}},"8":{"start":{"line":31,"column":4},"end":{"line":55,"column":5}},"9":{"start":{"line":32,"column":29},"end":{"line":32,"column":62}},"10":{"start":{"line":33,"column":6},"end":{"line":40,"column":8}},"11":{"start":{"line":42,"column":6},"end":{"line":42,"column":72}},"12":{"start":{"line":43,"column":6},"end":{"line":54,"column":8}},"13":{"start":{"line":59,"column":0},"end":{"line":59,"column":43}}},"fnMap":{"0":{"name":"(anonymous_0)","decl":{"start":{"line":6,"column":2},"end":{"line":6,"column":3}},"loc":{"start":{"line":6,"column":16},"end":{"line":9,"column":3}},"line":6},"1":{"name":"(anonymous_1)","decl":{"start":{"line":11,"column":2},"end":{"line":11,"column":3}},"loc":{"start":{"line":11,"column":40},"end":{"line":25,"column":3}},"line":11},"2":{"name":"(anonymous_2)","decl":{"start":{"line":28,"column":2},"end":{"line":28,"column":3}},"loc":{"start":{"line":28,"column":51},"end":{"line":56,"column":3}},"line":28}},"branchMap":{"0":{"loc":{"start":{"line":11,"column":25},"end":{"line":11,"column":38}},"type":"default-arg","locations":[{"start":{"line":11,"column":32},"end":{"line":11,"column":38}}],"line":11}},"s":{"0":0,"1":0,"2":0,"3":0,"4":0,"5":0,"6":0,"7":0,"8":0,"9":0,"10":0,"11":0,"12":0,"13":0},"f":{"0":0,"1":0,"2":0},"b":{"0":[0]}}
}
